  stdafx.cpp
  Debug.cpp
c:\users\friend\desktop\janggi\project1\project1\debug.cpp(13): warning C4244: '인수': 'int'에서 'float'(으)로 변환하면서 데이터가 손실될 수 있습니다.
  Figures.cpp
c:\users\friend\desktop\janggi\project1\project1\figures.cpp(56): warning C4244: '인수': 'int'에서 'float'(으)로 변환하면서 데이터가 손실될 수 있습니다.
c:\users\friend\desktop\janggi\project1\project1\figures.cpp(65): warning C4244: '인수': 'int'에서 'float'(으)로 변환하면서 데이터가 손실될 수 있습니다.
c:\users\friend\desktop\janggi\project1\project1\figures.cpp(81): warning C4244: '인수': 'int'에서 'float'(으)로 변환하면서 데이터가 손실될 수 있습니다.
c:\users\friend\desktop\janggi\project1\project1\figures.cpp(163): warning C4244: '초기화 중': 'float'에서 'int'(으)로 변환하면서 데이터가 손실될 수 있습니다.
c:\users\friend\desktop\janggi\project1\project1\figures.cpp(169): warning C4244: '초기화 중': 'float'에서 'int'(으)로 변환하면서 데이터가 손실될 수 있습니다.
c:\users\friend\desktop\janggi\project1\project1\figures.cpp(178): warning C4244: '초기화 중': 'float'에서 'int'(으)로 변환하면서 데이터가 손실될 수 있습니다.
c:\users\friend\desktop\janggi\project1\project1\figures.cpp(184): warning C4244: '초기화 중': 'float'에서 'int'(으)로 변환하면서 데이터가 손실될 수 있습니다.
  Handler.cpp
c:\users\friend\desktop\janggi\project1\project1\handler.cpp(60): warning C4244: '인수': 'int'에서 'float'(으)로 변환하면서 데이터가 손실될 수 있습니다.
c:\users\friend\desktop\janggi\project1\project1\handler.cpp(114): warning C4244: '인수': 'int'에서 'float'(으)로 변환하면서 데이터가 손실될 수 있습니다.
  InfoBoard.cpp
  Main.cpp
  MySprite.cpp
  test.cpp
  코드를 생성하고 있습니다.
  331 of 364 functions (90.9%) were compiled, the rest were copied from previous compilation.
    232 functions were new in current compilation
    0 functions had inline decision re-evaluated but remain unchanged
  코드를 생성했습니다.
  Project1.vcxproj -> C:\Users\friend\Desktop\janggi\Project1\Release\Project1.exe
